
*** Running xst
    with args -ifn mojo_top_0.xst -ofn mojo_top_0.srp -intstyle ise

Reading design: mojo_top_0.prj

=========================================================================
*                          HDL Parsing                                  *
=========================================================================
Analyzing Verilog file "/home/johnconn/projects/mojo/mojo-git/babel/work/planAhead/babel/babel.srcs/sources_1/imports/verilog/i2c_master_2.v" into library work
Parsing module <i2c_master_2>.
Analyzing Verilog file "/home/johnconn/projects/mojo/mojo-git/babel/work/planAhead/babel/babel.srcs/sources_1/imports/verilog/mpu_9150_1.v" into library work
Parsing module <mpu_9150_1>.
WARNING:HDLCompiler:568 - "/home/johnconn/projects/mojo/mojo-git/babel/work/planAhead/babel/babel.srcs/sources_1/imports/verilog/mpu_9150_1.v" Line 36: Constant value is truncated to fit in <2> bits.
WARNING:HDLCompiler:568 - "/home/johnconn/projects/mojo/mojo-git/babel/work/planAhead/babel/babel.srcs/sources_1/imports/verilog/mpu_9150_1.v" Line 38: Constant value is truncated to fit in <2> bits.
WARNING:HDLCompiler:568 - "/home/johnconn/projects/mojo/mojo-git/babel/work/planAhead/babel/babel.srcs/sources_1/imports/verilog/mpu_9150_1.v" Line 39: Constant value is truncated to fit in <2> bits.
Analyzing Verilog file "/home/johnconn/projects/mojo/mojo-git/babel/work/planAhead/babel/babel.srcs/sources_1/imports/verilog/mojo_top_0.v" into library work
Parsing module <mojo_top_0>.

=========================================================================
*                            HDL Elaboration                            *
=========================================================================

Elaborating module <mojo_top_0>.
WARNING:HDLCompiler:413 - "/home/johnconn/projects/mojo/mojo-git/babel/work/planAhead/babel/babel.srcs/sources_1/imports/verilog/mojo_top_0.v" Line 44: Result of 9-bit expression is truncated to fit in 8-bit target.
WARNING:HDLCompiler:413 - "/home/johnconn/projects/mojo/mojo-git/babel/work/planAhead/babel/babel.srcs/sources_1/imports/verilog/mojo_top_0.v" Line 49: Result of 10-bit expression is truncated to fit in 9-bit target.
WARNING:HDLCompiler:1016 - "/home/johnconn/projects/mojo/mojo-git/babel/work/planAhead/babel/babel.srcs/sources_1/imports/verilog/mpu_9150_1.v" Line 54: Port request is not connected to this instance

Elaborating module <mpu_9150_1>.

Elaborating module <i2c_master_2>.
WARNING:HDLCompiler:872 - "/home/johnconn/projects/mojo/mojo-git/babel/work/planAhead/babel/babel.srcs/sources_1/imports/verilog/i2c_master_2.v" Line 28: Using initial value of overflow_value since it is never assigned
WARNING:HDLCompiler:413 - "/home/johnconn/projects/mojo/mojo-git/babel/work/planAhead/babel/babel.srcs/sources_1/imports/verilog/i2c_master_2.v" Line 138: Result of 5-bit expression is truncated to fit in 4-bit target.
WARNING:HDLCompiler:413 - "/home/johnconn/projects/mojo/mojo-git/babel/work/planAhead/babel/babel.srcs/sources_1/imports/verilog/i2c_master_2.v" Line 174: Result of 5-bit expression is truncated to fit in 4-bit target.
WARNING:HDLCompiler:413 - "/home/johnconn/projects/mojo/mojo-git/babel/work/planAhead/babel/babel.srcs/sources_1/imports/verilog/i2c_master_2.v" Line 269: Result of 10-bit expression is truncated to fit in 9-bit target.
WARNING:HDLCompiler:1127 - "/home/johnconn/projects/mojo/mojo-git/babel/work/planAhead/babel/babel.srcs/sources_1/imports/verilog/i2c_master_2.v" Line 51: Assignment to acked ignored, since the identifier is never used
WARNING:HDLCompiler:1127 - "/home/johnconn/projects/mojo/mojo-git/babel/work/planAhead/babel/babel.srcs/sources_1/imports/verilog/mpu_9150_1.v" Line 60: Assignment to i2c_cmd ignored, since the identifier is never used
WARNING:HDLCompiler:634 - "/home/johnconn/projects/mojo/mojo-git/babel/work/planAhead/babel/babel.srcs/sources_1/imports/verilog/mpu_9150_1.v" Line 46: Net <data[7]> does not have a driver.
WARNING:HDLCompiler:634 - "/home/johnconn/projects/mojo/mojo-git/babel/work/planAhead/babel/babel.srcs/sources_1/imports/verilog/mpu_9150_1.v" Line 50: Net <byte_read> does not have a driver.
WARNING:HDLCompiler:552 - "/home/johnconn/projects/mojo/mojo-git/babel/work/planAhead/babel/babel.srcs/sources_1/imports/verilog/mpu_9150_1.v" Line 54: Input port request[1] is not connected on this instance

=========================================================================
*                           HDL Synthesis                               *
=========================================================================

Synthesizing Unit <mojo_top_0>.
    Related source file is "/home/johnconn/projects/mojo/mojo-git/babel/work/planAhead/babel/babel.srcs/sources_1/imports/verilog/mojo_top_0.v".
WARNING:Xst:647 - Input <cclk> is never used. This port will be preserved and left unconnected if it belongs to a top-level block or it belongs to a sub-block and the hierarchy of this sub-block is preserved.
WARNING:Xst:647 - Input <spi_ss> is never used. This port will be preserved and left unconnected if it belongs to a top-level block or it belongs to a sub-block and the hierarchy of this sub-block is preserved.
WARNING:Xst:647 - Input <spi_mosi> is never used. This port will be preserved and left unconnected if it belongs to a top-level block or it belongs to a sub-block and the hierarchy of this sub-block is preserved.
WARNING:Xst:647 - Input <spi_sck> is never used. This port will be preserved and left unconnected if it belongs to a top-level block or it belongs to a sub-block and the hierarchy of this sub-block is preserved.
WARNING:Xst:647 - Input <avr_tx> is never used. This port will be preserved and left unconnected if it belongs to a top-level block or it belongs to a sub-block and the hierarchy of this sub-block is preserved.
WARNING:Xst:647 - Input <avr_rx_busy> is never used. This port will be preserved and left unconnected if it belongs to a top-level block or it belongs to a sub-block and the hierarchy of this sub-block is preserved.
    Found 1-bit register for signal <prev_rst>.
    Found 9-bit register for signal <counter>.
    Found 1-bit register for signal <start>.
    Found 1-bit register for signal <filtered_rst>.
    Found 8-bit register for signal <led_out>.
    Found 8-bit adder for signal <led_out[7]_GND_1_o_add_4_OUT> created at line 44.
    Found 9-bit adder for signal <counter[8]_GND_1_o_add_7_OUT> created at line 49.
    Found 1-bit tristate buffer for signal <spi_miso> created at line 33
    Found 1-bit tristate buffer for signal <avr_rx> created at line 34
    Found 1-bit tristate buffer for signal <spi_channel<3>> created at line 35
    Found 1-bit tristate buffer for signal <spi_channel<2>> created at line 35
    Found 1-bit tristate buffer for signal <spi_channel<1>> created at line 35
    Found 1-bit tristate buffer for signal <spi_channel<0>> created at line 35
    Found 1-bit comparator equal for signal <n0015> created at line 47
    Found 9-bit comparator greater for signal <GND_1_o_counter[8]_LessThan_10_o> created at line 57
    Summary:
	inferred   2 Adder/Subtractor(s).
	inferred  20 D-type flip-flop(s).
	inferred   2 Comparator(s).
	inferred   6 Tristate(s).
Unit <mojo_top_0> synthesized.

Synthesizing Unit <mpu_9150_1>.
    Related source file is "/home/johnconn/projects/mojo/mojo-git/babel/work/planAhead/babel/babel.srcs/sources_1/imports/verilog/mpu_9150_1.v".
        SIZE = 4
        IDLE = 1'b0
        START = 1'b1
        FINISH = 1'b1
        WAIT = 1'b0
        PHY_ADDR = 1'b1
        REG_ADDR = 1'b1
        SECOND_START = 1'b0
        READ_MSB = 1'b0
        READ_LSB = 1'b0
        I2C_START = 1'b0
        I2C_READ = 1'b0
        I2C_WRITE = 1'b1
        I2C_STOP = 1'b1
        I2C_REG_X_MSB = 2'b11
        I2C_ADDR_W = 2'b00
        I2C_ADDR_R = 2'b01
WARNING:Xst:2898 - Port 'request', unconnected in block instance 'i2c_master', is tied to GND.
WARNING:Xst:647 - Input <sample_start> is never used. This port will be preserved and left unconnected if it belongs to a top-level block or it belongs to a sub-block and the hierarchy of this sub-block is preserved.
INFO:Xst:3210 - "/home/johnconn/projects/mojo/mojo-git/babel/work/planAhead/babel/babel.srcs/sources_1/imports/verilog/mpu_9150_1.v" line 54: Output port <requested_data_out> of the instance <i2c_master> is unconnected or connected to loadless signal.
WARNING:Xst:653 - Signal <data> is used but never assigned. This sourceless signal will be automatically connected to value GND.
WARNING:Xst:653 - Signal <byte_read> is used but never assigned. This sourceless signal will be automatically connected to value GND.
    Found 4-bit register for signal <state>.
    Found 4-bit register for signal <next_state>.
    Found 1-bit register for signal <byte_start>.
    Found 1-bit register for signal <busy>.
    Summary:
	inferred  10 D-type flip-flop(s).
Unit <mpu_9150_1> synthesized.

Synthesizing Unit <i2c_master_2>.
    Related source file is "/home/johnconn/projects/mojo/mojo-git/babel/work/planAhead/babel/babel.srcs/sources_1/imports/verilog/i2c_master_2.v".
        SIZE = 4
        IDLE = 1'b0
        START = 1'b1
        READ = 1'b0
        WRITE = 1'b1
        STOP = 1'b0
        FINISH = 1'b1
        WAIT = 1'b0
        ACK = 1'b1
WARNING:Xst:647 - Input <data_in> is never used. This port will be preserved and left unconnected if it belongs to a top-level block or it belongs to a sub-block and the hierarchy of this sub-block is preserved.
    Found 1-bit register for signal <state[3]_clk_DFF_25_q>.
    Found 1-bit register for signal <state[3]_clk_DFF_26>.
    Found 1-bit register for signal <sda_master>.
    Found 1-bit register for signal <master_drive>.
    Found 8-bit register for signal <data>.
    Found 4-bit register for signal <state>.
    Found 1-bit register for signal <busy>.
    Found 1-bit register for signal <reset_clk>.
    Found 4-bit register for signal <current_bit>.
    Found 8-bit register for signal <requested_data_out>.
    Found 9-bit register for signal <clk_count>.
    Found 4-bit register for signal <next_state>.
    Found 9-bit adder for signal <GND_9_o_clk_count[8]_add_17_OUT> created at line 91.
    Found 4-bit adder for signal <current_bit[3]_GND_9_o_add_27_OUT> created at line 138.
    Found 9-bit adder for signal <clk_count[8]_GND_9_o_add_86_OUT> created at line 269.
    Found 1-bit 8-to-1 multiplexer for signal <current_bit[2]_data[7]_Mux_46_o> created at line 185.
    Found 1-bit tristate buffer for signal <sda> created at line 50
    Found 1-bit tristate buffer for signal <scl> created at line 51
    Found 9-bit comparator greater for signal <GND_9_o_GND_9_o_LessThan_19_o> created at line 91
    Found 9-bit comparator greater for signal <GND_9_o_clk_count[8]_LessThan_22_o> created at line 105
    Found 9-bit comparator greater for signal <GND_9_o_clk_count[8]_LessThan_23_o> created at line 110
    Found 9-bit comparator greater for signal <GND_9_o_clk_count[8]_LessThan_26_o> created at line 119
    Found 4-bit comparator greater for signal <GND_9_o_current_bit[3]_LessThan_27_o> created at line 125
    Found 9-bit comparator greater for signal <GND_9_o_clk_count[8]_LessThan_53_o> created at line 208
    Summary:
	inferred   3 Adder/Subtractor(s).
	inferred  43 D-type flip-flop(s).
	inferred   6 Comparator(s).
	inferred  66 Multiplexer(s).
	inferred   2 Tristate(s).
Unit <i2c_master_2> synthesized.

=========================================================================
HDL Synthesis Report

Macro Statistics
# Adders/Subtractors                                   : 5
 4-bit adder                                           : 1
 8-bit adder                                           : 1
 9-bit adder                                           : 3
# Registers                                            : 21
 1-bit register                                        : 11
 4-bit register                                        : 5
 8-bit register                                        : 3
 9-bit register                                        : 2
# Comparators                                          : 8
 1-bit comparator equal                                : 1
 4-bit comparator greater                              : 1
 9-bit comparator greater                              : 6
# Multiplexers                                         : 66
 1-bit 2-to-1 multiplexer                              : 33
 1-bit 8-to-1 multiplexer                              : 1
 4-bit 2-to-1 multiplexer                              : 26
 8-bit 2-to-1 multiplexer                              : 6
# Tristates                                            : 8
 1-bit tristate buffer                                 : 8

=========================================================================

=========================================================================
*                       Advanced HDL Synthesis                          *
=========================================================================


Synthesizing (advanced) Unit <i2c_master_2>.
The following registers are absorbed into counter <clk_count>: 1 register on signal <clk_count>.
Unit <i2c_master_2> synthesized (advanced).

Synthesizing (advanced) Unit <mojo_top_0>.
The following registers are absorbed into counter <counter>: 1 register on signal <counter>.
The following registers are absorbed into counter <led_out>: 1 register on signal <led_out>.
Unit <mojo_top_0> synthesized (advanced).

=========================================================================
Advanced HDL Synthesis Report

Macro Statistics
# Adders/Subtractors                                   : 2
 4-bit adder                                           : 1
 9-bit adder                                           : 1
# Counters                                             : 3
 8-bit up counter                                      : 1
 9-bit up counter                                      : 2
# Registers                                            : 47
 Flip-Flops                                            : 47
# Comparators                                          : 8
 1-bit comparator equal                                : 1
 4-bit comparator greater                              : 1
 9-bit comparator greater                              : 6
# Multiplexers                                         : 66
 1-bit 2-to-1 multiplexer                              : 33
 1-bit 8-to-1 multiplexer                              : 1
 4-bit 2-to-1 multiplexer                              : 26
 8-bit 2-to-1 multiplexer                              : 6

=========================================================================

=========================================================================
*                         Low Level Synthesis                           *
=========================================================================
WARNING:Xst:1710 - FF/Latch <next_state_0> (without init value) has a constant value of 1 in block <mpu_9150_1>. This FF/Latch will be trimmed during the optimization process.
WARNING:Xst:1895 - Due to other FF/Latch trimming, FF/Latch <next_state_1> (without init value) has a constant value of 0 in block <mpu_9150_1>. This FF/Latch will be trimmed during the optimization process.
WARNING:Xst:1895 - Due to other FF/Latch trimming, FF/Latch <next_state_2> (without init value) has a constant value of 0 in block <mpu_9150_1>. This FF/Latch will be trimmed during the optimization process.
WARNING:Xst:1895 - Due to other FF/Latch trimming, FF/Latch <next_state_3> (without init value) has a constant value of 0 in block <mpu_9150_1>. This FF/Latch will be trimmed during the optimization process.
WARNING:Xst:1896 - Due to other FF/Latch trimming, FF/Latch <state_1> has a constant value of 0 in block <mpu_9150_1>. This FF/Latch will be trimmed during the optimization process.
WARNING:Xst:1896 - Due to other FF/Latch trimming, FF/Latch <state_2> has a constant value of 0 in block <mpu_9150_1>. This FF/Latch will be trimmed during the optimization process.
WARNING:Xst:1896 - Due to other FF/Latch trimming, FF/Latch <state_3> has a constant value of 0 in block <mpu_9150_1>. This FF/Latch will be trimmed during the optimization process.
WARNING:Xst:2677 - Node <led_out_7> of sequential type is unconnected in block <mojo_top_0>.
WARNING:Xst:2677 - Node <mpu_9150/i2c_master/requested_data_out_7> of sequential type is unconnected in block <mojo_top_0>.
WARNING:Xst:2677 - Node <mpu_9150/i2c_master/requested_data_out_6> of sequential type is unconnected in block <mojo_top_0>.
WARNING:Xst:2677 - Node <mpu_9150/i2c_master/requested_data_out_5> of sequential type is unconnected in block <mojo_top_0>.
WARNING:Xst:2677 - Node <mpu_9150/i2c_master/requested_data_out_4> of sequential type is unconnected in block <mojo_top_0>.
WARNING:Xst:2677 - Node <mpu_9150/i2c_master/requested_data_out_3> of sequential type is unconnected in block <mojo_top_0>.
WARNING:Xst:2677 - Node <mpu_9150/i2c_master/requested_data_out_2> of sequential type is unconnected in block <mojo_top_0>.
WARNING:Xst:2677 - Node <mpu_9150/i2c_master/requested_data_out_1> of sequential type is unconnected in block <mojo_top_0>.
WARNING:Xst:2677 - Node <mpu_9150/i2c_master/requested_data_out_0> of sequential type is unconnected in block <mojo_top_0>.
WARNING:Xst:2041 - Unit mojo_top_0: 1 internal tristate is replaced by logic (pull-up yes): N4.

Optimizing unit <mojo_top_0> ...
WARNING:Xst:1710 - FF/Latch <mpu_9150/i2c_master/next_state_3> (without init value) has a constant value of 0 in block <mojo_top_0>. This FF/Latch will be trimmed during the optimization process.
WARNING:Xst:1895 - Due to other FF/Latch trimming, FF/Latch <mpu_9150/i2c_master/next_state_2> (without init value) has a constant value of 0 in block <mojo_top_0>. This FF/Latch will be trimmed during the optimization process.
WARNING:Xst:1895 - Due to other FF/Latch trimming, FF/Latch <mpu_9150/i2c_master/next_state_1> (without init value) has a constant value of 0 in block <mojo_top_0>. This FF/Latch will be trimmed during the optimization process.
WARNING:Xst:1895 - Due to other FF/Latch trimming, FF/Latch <mpu_9150/i2c_master/next_state_0> (without init value) has a constant value of 1 in block <mojo_top_0>. This FF/Latch will be trimmed during the optimization process.
WARNING:Xst:1710 - FF/Latch <mpu_9150/i2c_master/data_7> (without init value) has a constant value of 0 in block <mojo_top_0>. This FF/Latch will be trimmed during the optimization process.
WARNING:Xst:1895 - Due to other FF/Latch trimming, FF/Latch <mpu_9150/i2c_master/data_6> (without init value) has a constant value of 0 in block <mojo_top_0>. This FF/Latch will be trimmed during the optimization process.
WARNING:Xst:1895 - Due to other FF/Latch trimming, FF/Latch <mpu_9150/i2c_master/data_5> (without init value) has a constant value of 0 in block <mojo_top_0>. This FF/Latch will be trimmed during the optimization process.
WARNING:Xst:1895 - Due to other FF/Latch trimming, FF/Latch <mpu_9150/i2c_master/data_4> (without init value) has a constant value of 0 in block <mojo_top_0>. This FF/Latch will be trimmed during the optimization process.
WARNING:Xst:1895 - Due to other FF/Latch trimming, FF/Latch <mpu_9150/i2c_master/data_3> (without init value) has a constant value of 0 in block <mojo_top_0>. This FF/Latch will be trimmed during the optimization process.
WARNING:Xst:1895 - Due to other FF/Latch trimming, FF/Latch <mpu_9150/i2c_master/data_2> (without init value) has a constant value of 0 in block <mojo_top_0>. This FF/Latch will be trimmed during the optimization process.
WARNING:Xst:1895 - Due to other FF/Latch trimming, FF/Latch <mpu_9150/i2c_master/data_1> (without init value) has a constant value of 0 in block <mojo_top_0>. This FF/Latch will be trimmed during the optimization process.
WARNING:Xst:1895 - Due to other FF/Latch trimming, FF/Latch <mpu_9150/i2c_master/data_0> (without init value) has a constant value of 0 in block <mojo_top_0>. This FF/Latch will be trimmed during the optimization process.
WARNING:Xst:1895 - Due to other FF/Latch trimming, FF/Latch <mpu_9150/i2c_master/current_bit_3> (without init value) has a constant value of 0 in block <mojo_top_0>. This FF/Latch will be trimmed during the optimization process.
WARNING:Xst:1895 - Due to other FF/Latch trimming, FF/Latch <mpu_9150/i2c_master/current_bit_2> (without init value) has a constant value of 0 in block <mojo_top_0>. This FF/Latch will be trimmed during the optimization process.
WARNING:Xst:1895 - Due to other FF/Latch trimming, FF/Latch <mpu_9150/i2c_master/current_bit_1> (without init value) has a constant value of 0 in block <mojo_top_0>. This FF/Latch will be trimmed during the optimization process.
WARNING:Xst:1895 - Due to other FF/Latch trimming, FF/Latch <mpu_9150/i2c_master/current_bit_0> (without init value) has a constant value of 0 in block <mojo_top_0>. This FF/Latch will be trimmed during the optimization process.
WARNING:Xst:1895 - Due to other FF/Latch trimming, FF/Latch <mpu_9150/i2c_master/busy> (without init value) has a constant value of 1 in block <mojo_top_0>. This FF/Latch will be trimmed during the optimization process.
WARNING:Xst:1293 - FF/Latch <mpu_9150/i2c_master/state_3> has a constant value of 0 in block <mojo_top_0>. This FF/Latch will be trimmed during the optimization process.
WARNING:Xst:1896 - Due to other FF/Latch trimming, FF/Latch <mpu_9150/i2c_master/state_2> has a constant value of 0 in block <mojo_top_0>. This FF/Latch will be trimmed during the optimization process.
WARNING:Xst:1896 - Due to other FF/Latch trimming, FF/Latch <mpu_9150/i2c_master/state_1> has a constant value of 0 in block <mojo_top_0>. This FF/Latch will be trimmed during the optimization process.
WARNING:Xst:1710 - FF/Latch <mpu_9150/i2c_master/sda_master> (without init value) has a constant value of 0 in block <mojo_top_0>. This FF/Latch will be trimmed during the optimization process.
WARNING:Xst:1293 - FF/Latch <mpu_9150/i2c_master/state_3> has a constant value of 0 in block <mojo_top_0>. This FF/Latch will be trimmed during the optimization process.
WARNING:Xst:1896 - Due to other FF/Latch trimming, FF/Latch <mpu_9150/i2c_master/state_2> has a constant value of 0 in block <mojo_top_0>. This FF/Latch will be trimmed during the optimization process.
WARNING:Xst:1896 - Due to other FF/Latch trimming, FF/Latch <mpu_9150/i2c_master/state_1> has a constant value of 0 in block <mojo_top_0>. This FF/Latch will be trimmed during the optimization process.
WARNING:Xst:1895 - Due to other FF/Latch trimming, FF/Latch <mpu_9150/i2c_master/busy> (without init value) has a constant value of 1 in block <mojo_top_0>. This FF/Latch will be trimmed during the optimization process.
WARNING:Xst:1895 - Due to other FF/Latch trimming, FF/Latch <mpu_9150/i2c_master/sda_master> (without init value) has a constant value of 0 in block <mojo_top_0>. This FF/Latch will be trimmed during the optimization process.
WARNING:Xst:2677 - Node <mpu_9150/i2c_master/data_7> of sequential type is unconnected in block <mojo_top_0>.
WARNING:Xst:2677 - Node <mpu_9150/i2c_master/data_6> of sequential type is unconnected in block <mojo_top_0>.
WARNING:Xst:2677 - Node <mpu_9150/i2c_master/data_5> of sequential type is unconnected in block <mojo_top_0>.
WARNING:Xst:2677 - Node <mpu_9150/i2c_master/data_4> of sequential type is unconnected in block <mojo_top_0>.
WARNING:Xst:2677 - Node <mpu_9150/i2c_master/data_3> of sequential type is unconnected in block <mojo_top_0>.
WARNING:Xst:2677 - Node <mpu_9150/i2c_master/data_2> of sequential type is unconnected in block <mojo_top_0>.
WARNING:Xst:2677 - Node <mpu_9150/i2c_master/data_1> of sequential type is unconnected in block <mojo_top_0>.
WARNING:Xst:2677 - Node <mpu_9150/i2c_master/data_0> of sequential type is unconnected in block <mojo_top_0>.
WARNING:Xst:2677 - Node <mpu_9150/i2c_master/current_bit_3> of sequential type is unconnected in block <mojo_top_0>.
WARNING:Xst:2677 - Node <mpu_9150/i2c_master/current_bit_2> of sequential type is unconnected in block <mojo_top_0>.
WARNING:Xst:2677 - Node <mpu_9150/i2c_master/current_bit_1> of sequential type is unconnected in block <mojo_top_0>.
WARNING:Xst:2677 - Node <mpu_9150/i2c_master/current_bit_0> of sequential type is unconnected in block <mojo_top_0>.
WARNING:Xst:1293 - FF/Latch <mpu_9150/state_0> has a constant value of 0 in block <mojo_top_0>. This FF/Latch will be trimmed during the optimization process.
WARNING:Xst:1896 - Due to other FF/Latch trimming, FF/Latch <mpu_9150/i2c_master/state_0> has a constant value of 0 in block <mojo_top_0>. This FF/Latch will be trimmed during the optimization process.
WARNING:Xst:1895 - Due to other FF/Latch trimming, FF/Latch <mpu_9150/i2c_master/state[3]_clk_DFF_26> (without init value) has a constant value of 0 in block <mojo_top_0>. This FF/Latch will be trimmed during the optimization process.
WARNING:Xst:1895 - Due to other FF/Latch trimming, FF/Latch <mpu_9150/i2c_master/reset_clk> (without init value) has a constant value of 1 in block <mojo_top_0>. This FF/Latch will be trimmed during the optimization process.
WARNING:Xst:1896 - Due to other FF/Latch trimming, FF/Latch <mpu_9150/i2c_master/master_drive> has a constant value of 0 in block <mojo_top_0>. This FF/Latch will be trimmed during the optimization process.
WARNING:Xst:1896 - Due to other FF/Latch trimming, FF/Latch <mpu_9150/busy> has a constant value of 0 in block <mojo_top_0>. This FF/Latch will be trimmed during the optimization process.
WARNING:Xst:1896 - Due to other FF/Latch trimming, FF/Latch <mpu_9150/byte_start> has a constant value of 0 in block <mojo_top_0>. This FF/Latch will be trimmed during the optimization process.
WARNING:Xst:1710 - FF/Latch <mpu_9150/i2c_master/scl> (without init value) has a constant value of 1 in block <mojo_top_0>. This FF/Latch will be trimmed during the optimization process.
WARNING:Xst:2677 - Node <mpu_9150/i2c_master/clk_count_8> of sequential type is unconnected in block <mojo_top_0>.
WARNING:Xst:2677 - Node <mpu_9150/i2c_master/clk_count_7> of sequential type is unconnected in block <mojo_top_0>.
WARNING:Xst:2677 - Node <mpu_9150/i2c_master/clk_count_6> of sequential type is unconnected in block <mojo_top_0>.
WARNING:Xst:2677 - Node <mpu_9150/i2c_master/clk_count_5> of sequential type is unconnected in block <mojo_top_0>.
WARNING:Xst:2677 - Node <mpu_9150/i2c_master/clk_count_4> of sequential type is unconnected in block <mojo_top_0>.
WARNING:Xst:2677 - Node <mpu_9150/i2c_master/clk_count_3> of sequential type is unconnected in block <mojo_top_0>.
WARNING:Xst:2677 - Node <mpu_9150/i2c_master/clk_count_2> of sequential type is unconnected in block <mojo_top_0>.
WARNING:Xst:2677 - Node <mpu_9150/i2c_master/clk_count_1> of sequential type is unconnected in block <mojo_top_0>.
WARNING:Xst:2677 - Node <mpu_9150/i2c_master/clk_count_0> of sequential type is unconnected in block <mojo_top_0>.

Mapping all equations...
Building and optimizing final netlist ...
Found area constraint ratio of 100 (+ 0) on block mojo_top_0, actual ratio is 0.

Final Macro Processing ...

=========================================================================
Final Register Report

Macro Statistics
# Registers                                            : 19
 Flip-Flops                                            : 19

=========================================================================

=========================================================================
*                           Partition Report                            *
=========================================================================

Partition Implementation Status
-------------------------------

  No Partitions were found in this design.

-------------------------------

=========================================================================
*                            Design Summary                             *
=========================================================================

Clock Information:
------------------
-----------------------------------+------------------------+-------+
Clock Signal                       | Clock buffer(FF name)  | Load  |
-----------------------------------+------------------------+-------+
clk                                | BUFGP                  | 19    |
-----------------------------------+------------------------+-------+

Asynchronous Control Signals Information:
----------------------------------------
No asynchronous control signals found in this design

Timing Summary:
---------------
Speed Grade: -2

   Minimum period: 3.250ns (Maximum Frequency: 307.692MHz)
   Minimum input arrival time before clock: 3.892ns
   Maximum output required time after clock: 4.202ns
   Maximum combinational path delay: No path found

=========================================================================
